<?xml version="1.0" encoding="UTF-8"?>
<!-- Generated by org.testng.reporters.JUnitXMLReporter -->
<testsuite ignored="0" hostname="BMT-LAP-46" failures="0" tests="4" name="Default test" time="65.063" errors="0" timestamp="2022-02-05T02:25:14 IST">
  <testcase classname="com.scripts.MavenActitime.TestLogin" name="Login" time="1.982"/>
  <testcase classname="com.scripts.MavenActitime.TestLogin" name="CreateCustomer" time="14.759"/>
  <testcase classname="com.scripts.MavenActitime.TestLogin" name="CreateWork" time="15.624"/>
  <testcase classname="com.scripts.MavenActitime.TestLogin" name="CreateLeave" time="20.829"/>
</testsuite> <!-- Default test -->
