<?xml version="1.0" encoding="UTF-8"?>
<!-- Generated by org.testng.reporters.JUnitXMLReporter -->
<testsuite ignored="0" hostname="BMT-LAP-46" failures="1" tests="4" name="Test" time="48.711" errors="0" timestamp="2022-01-27T00:49:03 IST">
  <testcase classname="com.scripts.MavenActitime.TestLogin" name="Login" time="1.931"/>
  <testcase classname="com.scripts.MavenActitime.TestLogin" name="CreateCustomer" time="19.014"/>
  <testcase classname="com.scripts.MavenActitime.TestLogin" name="CreateWork" time="9.998"/>
  <testcase classname="com.scripts.MavenActitime.TestLogin" name="CreateLeave" time="6.906">
    <failure type="java.lang.IllegalMonitorStateException" message="current thread is not owner">
      <![CDATA[java.lang.IllegalMonitorStateException: current thread is not owner
at java.base/java.lang.Object.wait(Native Method)
at com.pages.MavenActitime.POMCreateLeave.EditLeave(POMCreateLeave.java:99)
at com.scripts.MavenActitime.TestLogin.CreateLeave(TestLogin.java:62)
at java.base/java.util.ArrayList.forEach(ArrayList.java:1511)
... Removed 27 stack frames]]>
    </failure>
  </testcase> <!-- CreateLeave -->
</testsuite> <!-- Test -->
