<?xml version="1.0" encoding="UTF-8"?>
<!-- Generated by org.testng.reporters.JUnitXMLReporter -->
<testsuite ignored="0" hostname="BMT-LAP-46" failures="1" tests="5" name="Test" time="45.321" errors="0" timestamp="2022-02-04T21:00:41 IST">
  <testcase classname="com.scripts.MavenActitime.TestLogin" name="Login" time="2.106"/>
  <testcase classname="com.scripts.MavenActitime.TestLogin" name="CreateCustomer" time="15.41"/>
  <testcase classname="com.scripts.MavenActitime.TestLogin" name="CreateWork" time="9.422"/>
  <testcase classname="com.scripts.MavenActitime.TestLogin" name="CreateLeave" time="6.31">
    <failure type="java.lang.IllegalMonitorStateException" message="current thread is not owner">
      <![CDATA[java.lang.IllegalMonitorStateException: current thread is not owner
at java.base/java.lang.Object.wait(Native Method)
at com.pages.MavenActitime.POMCreateLeave.EditLeave(POMCreateLeave.java:99)
at com.scripts.MavenActitime.TestLogin.CreateLeave(TestLogin.java:62)
at java.base/java.util.ArrayList.forEach(ArrayList.java:1511)
... Removed 27 stack frames]]>
    </failure>
  </testcase> <!-- CreateLeave -->
  <testcase classname="com.scripts.MavenActitime.TestVerify" name="TestingNewCommit" time="0.003"/>
</testsuite> <!-- Test -->
