<?xml version="1.0" encoding="UTF-8"?>
<testng-results ignored="0" total="4" passed="4" failed="0" skipped="0">
  <reporter-output>
  </reporter-output>
  <suite started-at="2022-02-05T02:24:09 IST" name="Default suite" finished-at="2022-02-05T02:25:14 IST" duration-ms="65063">
    <groups>
    </groups>
    <test started-at="2022-02-05T02:24:09 IST" name="Default test" finished-at="2022-02-05T02:25:14 IST" duration-ms="65063">
      <class name="com.scripts.MavenActitime.TestLogin">
        <test-method is-config="true" signature="openbrowser()[pri:0, instance:com.scripts.MavenActitime.TestLogin@71def8f8]" started-at="2022-02-05T02:24:09 IST" name="openbrowser" finished-at="2022-02-05T02:24:21 IST" duration-ms="11800" status="PASS">
          <reporter-output>
          </reporter-output>
        </test-method> <!-- openbrowser -->
        <test-method signature="Login()[pri:0, instance:com.scripts.MavenActitime.TestLogin@71def8f8]" started-at="2022-02-05T02:24:21 IST" name="Login" finished-at="2022-02-05T02:24:23 IST" duration-ms="1982" status="PASS">
          <reporter-output>
          </reporter-output>
        </test-method> <!-- Login -->
        <test-method signature="CreateCustomer()[pri:1, instance:com.scripts.MavenActitime.TestLogin@71def8f8]" started-at="2022-02-05T02:24:23 IST" name="CreateCustomer" finished-at="2022-02-05T02:24:38 IST" duration-ms="14759" status="PASS">
          <reporter-output>
          </reporter-output>
        </test-method> <!-- CreateCustomer -->
        <test-method signature="CreateWork()[pri:2, instance:com.scripts.MavenActitime.TestLogin@71def8f8]" started-at="2022-02-05T02:24:38 IST" name="CreateWork" finished-at="2022-02-05T02:24:54 IST" duration-ms="15624" status="PASS">
          <reporter-output>
          </reporter-output>
        </test-method> <!-- CreateWork -->
        <test-method signature="CreateLeave()[pri:3, instance:com.scripts.MavenActitime.TestLogin@71def8f8]" started-at="2022-02-05T02:24:54 IST" name="CreateLeave" finished-at="2022-02-05T02:25:14 IST" duration-ms="20829" status="PASS">
          <reporter-output>
          </reporter-output>
        </test-method> <!-- CreateLeave -->
      </class> <!-- com.scripts.MavenActitime.TestLogin -->
    </test> <!-- Default test -->
  </suite> <!-- Default suite -->
</testng-results>
